<?xml version="1.0" encoding="UTF-8" ?>
<testsuite tests="5" failures="0" name="com.creditsuisse.rest.test.ValidateTradeImplTest" time="0.015" errors="0" skipped="0">
  <properties>
[...]
</properties>
  <testcase classname="com.creditsuisse.rest.test.ValidateTradeImplTest" name="validateSupportedCompaniesTestFail" time="0.013"/>
  <testcase classname="com.creditsuisse.rest.test.ValidateTradeImplTest" name="validateDeliveryDateTest" time="0"/>
  <testcase classname="com.creditsuisse.rest.test.ValidateTradeImplTest" name="validadeExerciseDateTestFail" time="0"/>
  <testcase classname="com.creditsuisse.rest.test.ValidateTradeImplTest" name="validateSupportedCompaniesTest" time="0.001"/>
  <testcase classname="com.creditsuisse.rest.test.ValidateTradeImplTest" name="nomWorkDayTest" time="0.001"/>
</testsuite>